<?xml version="1.0" encoding="UTF-8"?>
<testsuite name="com.sparta.jpaadvance.orphan.OrphanTest" tests="1" skipped="0" failures="0" errors="0" timestamp="2026-02-10T10:23:17.435Z" hostname="DESKTOP-K48EJFV" time="4.473">
  <properties/>
  <testcase name="연관관계 제거" classname="com.sparta.jpaadvance.orphan.OrphanTest" time="0.665"/>
  <system-out><![CDATA[19:23:17.572 [Test worker] INFO org.springframework.test.context.support.AnnotationConfigContextLoaderUtils -- Could not detect default configuration classes for test class [com.sparta.jpaadvance.orphan.OrphanTest]: OrphanTest does not declare any static, non-private, non-final, nested classes annotated with @Configuration.
19:23:17.659 [Test worker] INFO org.springframework.boot.test.context.SpringBootTestContextBootstrapper -- Found @SpringBootConfiguration com.sparta.jpaadvance.JpaAdvanceApplication for test class com.sparta.jpaadvance.orphan.OrphanTest

  .   ____          _            __ _ _
 /\\ / ___'_ __ _ _(_)_ __  __ _ \ \ \ \
( ( )\___ | '_ | '_| | '_ \/ _` | \ \ \ \
 \\/  ___)| |_)| | | | | || (_| |  ) ) ) )
  '  |____| .__|_| |_|_| |_\__, | / / / /
 =========|_|==============|___/=/_/_/_/

 :: Spring Boot ::                (v4.0.2)

2026-02-10T19:23:18.012+09:00  INFO 16032 --- [jpa-advance] [    Test worker] c.sparta.jpaadvance.orphan.OrphanTest    : Starting OrphanTest using Java 17.0.2 with PID 16032 (started by user in D:\spring_sparta\jpa-advance)
2026-02-10T19:23:18.013+09:00  INFO 16032 --- [jpa-advance] [    Test worker] c.sparta.jpaadvance.orphan.OrphanTest    : No active profile set, falling back to 1 default profile: "default"
2026-02-10T19:23:18.486+09:00  INFO 16032 --- [jpa-advance] [    Test worker] .s.d.r.c.RepositoryConfigurationDelegate : Bootstrapping Spring Data JPA repositories in DEFAULT mode.
2026-02-10T19:23:18.545+09:00  INFO 16032 --- [jpa-advance] [    Test worker] .s.d.r.c.RepositoryConfigurationDelegate : Finished Spring Data repository scanning in 49 ms. Found 3 JPA repository interfaces.
2026-02-10T19:23:18.873+09:00  INFO 16032 --- [jpa-advance] [    Test worker] org.hibernate.orm.jpa                    : HHH008540: Processing PersistenceUnitInfo [name: default]
2026-02-10T19:23:18.933+09:00  INFO 16032 --- [jpa-advance] [    Test worker] org.hibernate.orm.core                   : HHH000001: Hibernate ORM core version 7.2.1.Final
2026-02-10T19:23:19.316+09:00  INFO 16032 --- [jpa-advance] [    Test worker] o.s.o.j.p.SpringPersistenceUnitInfo      : No LoadTimeWeaver setup: ignoring JPA class transformer
2026-02-10T19:23:19.344+09:00  INFO 16032 --- [jpa-advance] [    Test worker] com.zaxxer.hikari.HikariDataSource       : HikariPool-1 - Starting...
2026-02-10T19:23:19.590+09:00  INFO 16032 --- [jpa-advance] [    Test worker] com.zaxxer.hikari.pool.HikariPool        : HikariPool-1 - Added connection com.mysql.cj.jdbc.ConnectionImpl@757c685d
2026-02-10T19:23:19.592+09:00  INFO 16032 --- [jpa-advance] [    Test worker] com.zaxxer.hikari.HikariDataSource       : HikariPool-1 - Start completed.
2026-02-10T19:23:19.655+09:00  INFO 16032 --- [jpa-advance] [    Test worker] org.hibernate.orm.connections.pooling    : HHH10001005: Database info:
	Database JDBC URL [jdbc:mysql://localhost:3306/orderapp]
	Database driver: MySQL Connector/J
	Database dialect: MySQLDialect
	Database version: 8.0.33
	Default catalog/schema: orderapp/undefined
	Autocommit mode: undefined/unknown
	Isolation level: REPEATABLE_READ [default REPEATABLE_READ]
	JDBC fetch size: none
	Pool: DataSourceConnectionProvider
	Minimum pool size: undefined/unknown
	Maximum pool size: undefined/unknown
2026-02-10T19:23:19.782+09:00  WARN 16032 --- [jpa-advance] [    Test worker] org.hibernate.orm.deprecation            : HHH90000033: Encountered use of deprecated annotation [interface jakarta.persistence.Temporal] at com.sparta.jpaadvance.entity.Order.orderDate.
2026-02-10T19:23:20.426+09:00  INFO 16032 --- [jpa-advance] [    Test worker] org.hibernate.orm.core                   : HHH000489: No JTA platform available (set 'hibernate.transaction.jta.platform' to enable JTA platform integration)
2026-02-10T19:23:20.489+09:00  INFO 16032 --- [jpa-advance] [    Test worker] j.LocalContainerEntityManagerFactoryBean : Initialized JPA EntityManagerFactory for persistence unit 'default'
2026-02-10T19:23:20.566+09:00  WARN 16032 --- [jpa-advance] [    Test worker] JpaBaseConfiguration$JpaWebConfiguration : spring.jpa.open-in-view is enabled by default. Therefore, database queries may be performed during view rendering. Explicitly configure spring.jpa.open-in-view to disable this warning
2026-02-10T19:23:20.962+09:00  INFO 16032 --- [jpa-advance] [    Test worker] o.s.d.j.r.query.QueryEnhancerFactories   : Hibernate is in classpath; If applicable, HQL parser will be used.
2026-02-10T19:23:21.230+09:00  INFO 16032 --- [jpa-advance] [    Test worker] c.sparta.jpaadvance.orphan.OrphanTest    : Started OrphanTest in 3.461 seconds (process running for 4.571)
Hibernate: 
    /* SELECT
        u 
    FROM
        User u 
    WHERE
        u.name = :robbie */ select
            u1_0.id,
            u1_0.name 
        from
            users u1_0 
        where
            u1_0.name=?
user.getName() = Robbie
Hibernate: 
    select
        fl1_0.user_id,
        fl1_0.id,
        fl1_0.name,
        fl1_0.price 
    from
        food fl1_0 
    where
        fl1_0.user_id=?
food.getName() = 고구마 피자
food.getName() = 아보카도 피자
Hibernate: 
    /* delete 
    for
        com.sparta.jpaadvance.entity.Food */delete 
    from
        food 
    where
        id=?
]]></system-out>
  <system-err><![CDATA[]]></system-err>
</testsuite>
