<?xml version="1.0" encoding="UTF-8"?>
<testsuite name="com.example.redis.RedisRepositoryTest" tests="1" skipped="0" failures="0" errors="0" timestamp="2026-03-18T15:23:21.087Z" hostname="DESKTOP-K48EJFV" time="0.736">
  <properties/>
  <testcase name="createTest()" classname="com.example.redis.RedisRepositoryTest" time="0.736"/>
  <system-out><![CDATA[00:23:19.212 [Test worker] INFO org.springframework.test.context.support.AnnotationConfigContextLoaderUtils -- Could not detect default configuration classes for test class [com.example.redis.RedisRepositoryTest]: RedisRepositoryTest does not declare any static, non-private, non-final, nested classes annotated with @Configuration.
00:23:19.305 [Test worker] INFO org.springframework.boot.test.context.SpringBootTestContextBootstrapper -- Found @SpringBootConfiguration com.example.redis.Application for test class com.example.redis.RedisRepositoryTest

  .   ____          _            __ _ _
 /\\ / ___'_ __ _ _(_)_ __  __ _ \ \ \ \
( ( )\___ | '_ | '_| | '_ \/ _` | \ \ \ \
 \\/  ___)| |_)| | | | | || (_| |  ) ) ) )
  '  |____| .__|_| |_|_| |_\__, | / / / /
 =========|_|==============|___/=/_/_/_/

 :: Spring Boot ::               (v3.5.11)

2026-03-19T00:23:19.638+09:00  INFO 19916 --- [    Test worker] com.example.redis.RedisRepositoryTest    : Starting RedisRepositoryTest using Java 21.0.10 with PID 19916 (started by user in D:\sparta_redis\redis_spring\redis)
2026-03-19T00:23:19.639+09:00  INFO 19916 --- [    Test worker] com.example.redis.RedisRepositoryTest    : No active profile set, falling back to 1 default profile: "default"
2026-03-19T00:23:20.089+09:00  INFO 19916 --- [    Test worker] .s.d.r.c.RepositoryConfigurationDelegate : Multiple Spring Data modules found, entering strict repository configuration mode
2026-03-19T00:23:20.091+09:00  INFO 19916 --- [    Test worker] .s.d.r.c.RepositoryConfigurationDelegate : Bootstrapping Spring Data Redis repositories in DEFAULT mode.
2026-03-19T00:23:20.184+09:00  INFO 19916 --- [    Test worker] .s.d.r.c.RepositoryConfigurationDelegate : Finished Spring Data repository scanning in 78 ms. Found 1 Redis repository interface.
2026-03-19T00:23:21.073+09:00  INFO 19916 --- [    Test worker] com.example.redis.RedisRepositoryTest    : Started RedisRepositoryTest in 1.661 seconds (process running for 2.525)
]]></system-out>
  <system-err><![CDATA[Mockito is currently self-attaching to enable the inline-mock-maker. This will no longer work in future releases of the JDK. Please add Mockito as an agent to your build as described in Mockito's documentation: https://javadoc.io/doc/org.mockito/mockito-core/latest/org.mockito/org/mockito/Mockito.html#0.3
WARNING: A Java agent has been loaded dynamically (C:\Users\user\.gradle\caches\modules-2\files-2.1\net.bytebuddy\byte-buddy-agent\1.17.8\f09415827a71be7ed621c7bd02550678f28bc81c\byte-buddy-agent-1.17.8.jar)
WARNING: If a serviceability tool is in use, please run with -XX:+EnableDynamicAgentLoading to hide this warning
WARNING: If a serviceability tool is not in use, please run with -Djdk.instrument.traceUsage for more information
WARNING: Dynamic loading of agents will be disallowed by default in a future release
]]></system-err>
</testsuite>
