<?xml version="1.0" encoding="UTF-8"?>
<testsuite name="com.spring.sample.ApplicationTests" tests="1" skipped="0" failures="0" errors="0" timestamp="2026-03-17T05:07:33.046Z" hostname="DESKTOP-K48EJFV" time="0.495">
  <properties/>
  <testcase name="contextLoads()" classname="com.spring.sample.ApplicationTests" time="0.495"/>
  <system-out><![CDATA[14:07:31.697 [Test worker] INFO org.springframework.test.context.support.AnnotationConfigContextLoaderUtils -- Could not detect default configuration classes for test class [com.spring.sample.ApplicationTests]: ApplicationTests does not declare any static, non-private, non-final, nested classes annotated with @Configuration.
14:07:31.799 [Test worker] INFO org.springframework.boot.test.context.SpringBootTestContextBootstrapper -- Found @SpringBootConfiguration com.spring.sample.Application for test class com.spring.sample.ApplicationTests

  .   ____          _            __ _ _
 /\\ / ___'_ __ _ _(_)_ __  __ _ \ \ \ \
( ( )\___ | '_ | '_| | '_ \/ _` | \ \ \ \
 \\/  ___)| |_)| | | | | || (_| |  ) ) ) )
  '  |____| .__|_| |_|_| |_\__, | / / / /
 =========|_|==============|___/=/_/_/_/

 :: Spring Boot ::               (v3.5.11)

2026-03-17T14:07:32.189+09:00  INFO 8188 --- [sample] [    Test worker] com.spring.sample.ApplicationTests       : Starting ApplicationTests using Java 17.0.2 with PID 8188 (started by user in D:\CICD\sample)
2026-03-17T14:07:32.190+09:00  INFO 8188 --- [sample] [    Test worker] com.spring.sample.ApplicationTests       : No active profile set, falling back to 1 default profile: "default"
2026-03-17T14:07:33.031+09:00  INFO 8188 --- [sample] [    Test worker] com.spring.sample.ApplicationTests       : Started ApplicationTests in 1.1 seconds (process running for 2.085)
]]></system-out>
  <system-err><![CDATA[]]></system-err>
</testsuite>
